d:\dinesh\waterflowpathgenerator8\visualizer\geometry\x64\debug\geometry.pch
d:\dinesh\waterflowpathgenerator8\visualizer\geometry\x64\debug\vc143.pdb
d:\dinesh\waterflowpathgenerator8\visualizer\geometry\x64\debug\vc143.idb
d:\dinesh\waterflowpathgenerator8\visualizer\geometry\x64\debug\pch.obj
d:\dinesh\waterflowpathgenerator8\visualizer\geometry\x64\debug\triangulation.obj
d:\dinesh\waterflowpathgenerator8\visualizer\geometry\x64\debug\triangle.obj
d:\dinesh\waterflowpathgenerator8\visualizer\geometry\x64\debug\point3d.obj
d:\dinesh\waterflowpathgenerator8\visualizer\geometry\x64\debug\geometry.obj
d:\dinesh\waterflowpathgenerator8\visualizer\geometry\x64\debug\dllmain.obj
d:\dinesh\waterflowpathgenerator8\visualizer\geometry\x64\debug\geometry.ilk
d:\dinesh\waterflowpathgenerator8\visualizer\x64\debug\geometry.dll
d:\dinesh\waterflowpathgenerator8\visualizer\x64\debug\geometry.pdb
d:\dinesh\waterflowpathgenerator8\visualizer\x64\debug\geometry.lib
d:\dinesh\waterflowpathgenerator8\visualizer\x64\debug\geometry.exp
d:\dinesh\waterflowpathgenerator8\visualizer\geometry\x64\debug\geometry.tlog\cl.command.1.tlog
d:\dinesh\waterflowpathgenerator8\visualizer\geometry\x64\debug\geometry.tlog\cl.items.tlog
d:\dinesh\waterflowpathgenerator8\visualizer\geometry\x64\debug\geometry.tlog\cl.read.1.tlog
d:\dinesh\waterflowpathgenerator8\visualizer\geometry\x64\debug\geometry.tlog\cl.write.1.tlog
d:\dinesh\waterflowpathgenerator8\visualizer\geometry\x64\debug\geometry.tlog\link.command.1.tlog
d:\dinesh\waterflowpathgenerator8\visualizer\geometry\x64\debug\geometry.tlog\link.read.1.tlog
d:\dinesh\waterflowpathgenerator8\visualizer\geometry\x64\debug\geometry.tlog\link.write.1.tlog
d:\dinesh\waterflowpathgenerator8\visualizer\geometry\x64\debug\geometry.tlog\link.write.2u.tlog
